1762690314.940320 client started (2094459): version 3.4, socket /tmp/tmux-1000/default, protocol 8
1762690314.940330 on Linux 6.14.0-34-generic #34~24.04.1-Ubuntu SMP PREEMPT_DYNAMIC Tue Sep 23 15:35:20 UTC 2
1762690314.940331 using libevent 2.1.12-stable poll
1762690314.940332 using ncurses 6.4 20240113
1762690314.940337 flags are 0x10010000
1762690314.940341 socket is /tmp/tmux-1000/default
1762690314.940344 trying connect
1762690314.940366 add peer 0x6547b24575e0: 6 ((nil))
1762690314.940383 sending message 100 to peer 0x6547b24575e0 (4 bytes)
1762690314.940385 sending message 111 to peer 0x6547b24575e0 (8 bytes)
1762690314.940385 sending message 101 to peer 0x6547b24575e0 (15 bytes)
1762690314.940386 sending message 109 to peer 0x6547b24575e0 (4 bytes)
1762690314.940387 sending message 102 to peer 0x6547b24575e0 (1 bytes)
1762690314.940388 sending message 108 to peer 0x6547b24575e0 (15 bytes)
1762690314.940389 sending message 104 to peer 0x6547b24575e0 (0 bytes)
1762690314.940390 sending message 110 to peer 0x6547b24575e0 (0 bytes)
1762690314.940391 sending message 107 to peer 0x6547b24575e0 (4 bytes)
1762690314.940392 sending message 105 to peer 0x6547b24575e0 (50 bytes)
1762690314.940393 sending message 105 to peer 0x6547b24575e0 (47 bytes)
1762690314.940394 sending message 105 to peer 0x6547b24575e0 (18 bytes)
1762690314.940394 sending message 105 to peer 0x6547b24575e0 (28 bytes)
1762690314.940395 sending message 105 to peer 0x6547b24575e0 (22 bytes)
1762690314.940396 sending message 105 to peer 0x6547b24575e0 (40 bytes)
1762690314.940397 sending message 105 to peer 0x6547b24575e0 (20 bytes)
1762690314.940398 sending message 105 to peer 0x6547b24575e0 (14 bytes)
1762690314.940398 sending message 105 to peer 0x6547b24575e0 (14 bytes)
1762690314.940399 sending message 105 to peer 0x6547b24575e0 (57 bytes)
1762690314.940400 sending message 105 to peer 0x6547b24575e0 (41 bytes)
1762690314.940401 sending message 105 to peer 0x6547b24575e0 (25 bytes)
1762690314.940402 sending message 105 to peer 0x6547b24575e0 (54 bytes)
1762690314.940403 sending message 105 to peer 0x6547b24575e0 (47 bytes)
1762690314.940403 sending message 105 to peer 0x6547b24575e0 (23 bytes)
1762690314.940404 sending message 105 to peer 0x6547b24575e0 (26 bytes)
1762690314.940405 sending message 105 to peer 0x6547b24575e0 (25 bytes)
1762690314.940406 sending message 105 to peer 0x6547b24575e0 (25 bytes)
1762690314.940406 sending message 105 to peer 0x6547b24575e0 (32 bytes)
1762690314.940407 sending message 105 to peer 0x6547b24575e0 (10 bytes)
1762690314.940408 sending message 105 to peer 0x6547b24575e0 (1338 bytes)
1762690314.940424 sending message 105 to peer 0x6547b24575e0 (44 bytes)
1762690314.940425 sending message 105 to peer 0x6547b24575e0 (15 bytes)
1762690314.940425 sending message 105 to peer 0x6547b24575e0 (18 bytes)
1762690314.940426 sending message 105 to peer 0x6547b24575e0 (15 bytes)
1762690314.940427 sending message 105 to peer 0x6547b24575e0 (19 bytes)
1762690314.940428 sending message 105 to peer 0x6547b24575e0 (34 bytes)
1762690314.940429 sending message 105 to peer 0x6547b24575e0 (31 bytes)
1762690314.940430 sending message 105 to peer 0x6547b24575e0 (33 bytes)
1762690314.940431 sending message 105 to peer 0x6547b24575e0 (35 bytes)
1762690314.940431 sending message 105 to peer 0x6547b24575e0 (36 bytes)
1762690314.940432 sending message 105 to peer 0x6547b24575e0 (20 bytes)
1762690314.940433 sending message 105 to peer 0x6547b24575e0 (14 bytes)
1762690314.940434 sending message 105 to peer 0x6547b24575e0 (17 bytes)
1762690314.940435 sending message 105 to peer 0x6547b24575e0 (19 bytes)
1762690314.940436 sending message 105 to peer 0x6547b24575e0 (198 bytes)
1762690314.940437 sending message 105 to peer 0x6547b24575e0 (48 bytes)
1762690314.940438 sending message 105 to peer 0x6547b24575e0 (46 bytes)
1762690314.940438 sending message 105 to peer 0x6547b24575e0 (21 bytes)
1762690314.940439 sending message 105 to peer 0x6547b24575e0 (17 bytes)
1762690314.940440 sending message 105 to peer 0x6547b24575e0 (48 bytes)
1762690314.940441 sending message 105 to peer 0x6547b24575e0 (37 bytes)
1762690314.940444 sending message 105 to peer 0x6547b24575e0 (26 bytes)
1762690314.940444 sending message 105 to peer 0x6547b24575e0 (23 bytes)
1762690314.940445 sending message 105 to peer 0x6547b24575e0 (71 bytes)
1762690314.940446 sending message 105 to peer 0x6547b24575e0 (53 bytes)
1762690314.940447 sending message 105 to peer 0x6547b24575e0 (22 bytes)
1762690314.940448 sending message 105 to peer 0x6547b24575e0 (30 bytes)
1762690314.940449 sending message 105 to peer 0x6547b24575e0 (93 bytes)
1762690314.940449 sending message 105 to peer 0x6547b24575e0 (52 bytes)
1762690314.940450 sending message 105 to peer 0x6547b24575e0 (2180 bytes)
1762690314.940452 sending message 105 to peer 0x6547b24575e0 (20 bytes)
1762690314.940453 sending message 105 to peer 0x6547b24575e0 (35 bytes)
1762690314.940453 sending message 105 to peer 0x6547b24575e0 (34 bytes)
1762690314.940454 sending message 105 to peer 0x6547b24575e0 (19 bytes)
1762690314.940455 sending message 105 to peer 0x6547b24575e0 (92 bytes)
1762690314.940456 sending message 105 to peer 0x6547b24575e0 (117 bytes)
1762690314.940457 sending message 105 to peer 0x6547b24575e0 (18 bytes)
1762690314.940458 sending message 105 to peer 0x6547b24575e0 (30 bytes)
1762690314.940458 sending message 105 to peer 0x6547b24575e0 (25 bytes)
1762690314.940459 sending message 105 to peer 0x6547b24575e0 (15 bytes)
1762690314.940460 sending message 105 to peer 0x6547b24575e0 (8 bytes)
1762690314.940461 sending message 105 to peer 0x6547b24575e0 (78 bytes)
1762690314.940462 sending message 105 to peer 0x6547b24575e0 (34 bytes)
1762690314.940463 sending message 105 to peer 0x6547b24575e0 (52 bytes)
1762690314.940464 sending message 105 to peer 0x6547b24575e0 (19 bytes)
1762690314.940464 sending message 105 to peer 0x6547b24575e0 (38 bytes)
1762690314.940465 sending message 105 to peer 0x6547b24575e0 (19 bytes)
1762690314.940466 sending message 105 to peer 0x6547b24575e0 (25 bytes)
1762690314.940467 sending message 105 to peer 0x6547b24575e0 (10 bytes)
1762690314.940467 sending message 105 to peer 0x6547b24575e0 (20 bytes)
1762690314.940468 sending message 105 to peer 0x6547b24575e0 (15 bytes)
1762690314.940469 sending message 105 to peer 0x6547b24575e0 (18 bytes)
1762690314.940470 sending message 105 to peer 0x6547b24575e0 (25 bytes)
1762690314.940471 sending message 105 to peer 0x6547b24575e0 (38 bytes)
1762690314.940472 sending message 105 to peer 0x6547b24575e0 (13 bytes)
1762690314.940472 sending message 105 to peer 0x6547b24575e0 (17 bytes)
1762690314.940473 sending message 105 to peer 0x6547b24575e0 (14 bytes)
1762690314.940474 sending message 105 to peer 0x6547b24575e0 (22 bytes)
1762690314.940475 sending message 105 to peer 0x6547b24575e0 (30 bytes)
1762690314.940476 sending message 105 to peer 0x6547b24575e0 (37 bytes)
1762690314.940477 sending message 105 to peer 0x6547b24575e0 (37 bytes)
1762690314.940477 sending message 105 to peer 0x6547b24575e0 (39 bytes)
1762690314.940478 sending message 105 to peer 0x6547b24575e0 (39 bytes)
1762690314.940479 sending message 105 to peer 0x6547b24575e0 (276 bytes)
1762690314.940480 sending message 105 to peer 0x6547b24575e0 (42 bytes)
1762690314.940481 sending message 105 to peer 0x6547b24575e0 (42 bytes)
1762690314.940482 sending message 105 to peer 0x6547b24575e0 (31 bytes)
1762690314.940483 sending message 105 to peer 0x6547b24575e0 (23 bytes)
1762690314.940483 sending message 105 to peer 0x6547b24575e0 (19 bytes)
1762690314.940484 sending message 105 to peer 0x6547b24575e0 (21 bytes)
1762690314.940485 sending message 105 to peer 0x6547b24575e0 (27 bytes)
1762690314.940486 sending message 105 to peer 0x6547b24575e0 (9 bytes)
1762690314.940487 sending message 105 to peer 0x6547b24575e0 (16 bytes)
1762690314.940488 sending message 105 to peer 0x6547b24575e0 (121 bytes)
1762690314.940489 sending message 105 to peer 0x6547b24575e0 (14 bytes)
1762690314.940490 sending message 105 to peer 0x6547b24575e0 (6 bytes)
1762690314.940490 sending message 105 to peer 0x6547b24575e0 (20 bytes)
1762690314.940491 sending message 105 to peer 0x6547b24575e0 (27 bytes)
1762690314.940493 sending message 105 to peer 0x6547b24575e0 (28 bytes)
1762690314.940494 sending message 105 to peer 0x6547b24575e0 (60 bytes)
1762690314.940495 sending message 105 to peer 0x6547b24575e0 (34 bytes)
1762690314.940496 sending message 105 to peer 0x6547b24575e0 (356 bytes)
1762690314.940497 sending message 105 to peer 0x6547b24575e0 (42 bytes)
1762690314.940497 sending message 105 to peer 0x6547b24575e0 (54 bytes)
1762690314.940498 sending message 105 to peer 0x6547b24575e0 (12 bytes)
1762690314.940499 sending message 105 to peer 0x6547b24575e0 (62 bytes)
1762690314.940500 sending message 105 to peer 0x6547b24575e0 (45 bytes)
1762690314.940501 sending message 105 to peer 0x6547b24575e0 (16 bytes)
1762690314.940501 sending message 105 to peer 0x6547b24575e0 (16 bytes)
1762690314.940502 sending message 105 to peer 0x6547b24575e0 (1430 bytes)
1762690314.940504 sending message 105 to peer 0x6547b24575e0 (14 bytes)
1762690314.940505 sending message 105 to peer 0x6547b24575e0 (79 bytes)
1762690314.940505 sending message 105 to peer 0x6547b24575e0 (11 bytes)
1762690314.940506 sending message 105 to peer 0x6547b24575e0 (6 bytes)
1762690314.940507 sending message 105 to peer 0x6547b24575e0 (16 bytes)
1762690314.940508 sending message 105 to peer 0x6547b24575e0 (1065 bytes)
1762690314.940509 sending message 105 to peer 0x6547b24575e0 (363 bytes)
1762690314.940510 sending message 105 to peer 0x6547b24575e0 (3833 bytes)
1762690314.940512 sending message 105 to peer 0x6547b24575e0 (131 bytes)
1762690314.940512 sending message 105 to peer 0x6547b24575e0 (6 bytes)
1762690314.940513 sending message 105 to peer 0x6547b24575e0 (12 bytes)
1762690314.940514 sending message 105 to peer 0x6547b24575e0 (24 bytes)
1762690314.940515 sending message 105 to peer 0x6547b24575e0 (9 bytes)
1762690314.940516 sending message 105 to peer 0x6547b24575e0 (79 bytes)
1762690314.940517 sending message 105 to peer 0x6547b24575e0 (73 bytes)
1762690314.940518 sending message 105 to peer 0x6547b24575e0 (78 bytes)
1762690314.940519 sending message 105 to peer 0x6547b24575e0 (35 bytes)
1762690314.940519 sending message 105 to peer 0x6547b24575e0 (14 bytes)
1762690314.940520 sending message 105 to peer 0x6547b24575e0 (28 bytes)
1762690314.940521 sending message 105 to peer 0x6547b24575e0 (9 bytes)
1762690314.940522 sending message 105 to peer 0x6547b24575e0 (25 bytes)
1762690314.940523 sending message 105 to peer 0x6547b24575e0 (21 bytes)
1762690314.940524 sending message 105 to peer 0x6547b24575e0 (82 bytes)
1762690314.940524 sending message 105 to peer 0x6547b24575e0 (16 bytes)
1762690314.940525 sending message 105 to peer 0x6547b24575e0 (17 bytes)
1762690314.940526 sending message 105 to peer 0x6547b24575e0 (63 bytes)
1762690314.940527 sending message 105 to peer 0x6547b24575e0 (153 bytes)
1762690314.940528 sending message 105 to peer 0x6547b24575e0 (16 bytes)
1762690314.940529 sending message 105 to peer 0x6547b24575e0 (26 bytes)
1762690314.940529 sending message 105 to peer 0x6547b24575e0 (16 bytes)
1762690314.940530 sending message 105 to peer 0x6547b24575e0 (19 bytes)
1762690314.940531 sending message 105 to peer 0x6547b24575e0 (120 bytes)
1762690314.940532 sending message 105 to peer 0x6547b24575e0 (6 bytes)
1762690314.940533 sending message 105 to peer 0x6547b24575e0 (13 bytes)
1762690314.940534 sending message 105 to peer 0x6547b24575e0 (24 bytes)
1762690314.940535 sending message 105 to peer 0x6547b24575e0 (7 bytes)
1762690314.940535 sending message 105 to peer 0x6547b24575e0 (20 bytes)
1762690314.940536 sending message 105 to peer 0x6547b24575e0 (16 bytes)
1762690314.940537 sending message 105 to peer 0x6547b24575e0 (24 bytes)
1762690314.940538 sending message 105 to peer 0x6547b24575e0 (10 bytes)
1762690314.940539 sending message 105 to peer 0x6547b24575e0 (33 bytes)
1762690314.940540 sending message 105 to peer 0x6547b24575e0 (23 bytes)
1762690314.940540 sending message 105 to peer 0x6547b24575e0 (26 bytes)
1762690314.940541 sending message 105 to peer 0x6547b24575e0 (18 bytes)
1762690314.940543 sending message 105 to peer 0x6547b24575e0 (25 bytes)
1762690314.940544 sending message 105 to peer 0x6547b24575e0 (18 bytes)
1762690314.940545 sending message 105 to peer 0x6547b24575e0 (31 bytes)
1762690314.940546 sending message 105 to peer 0x6547b24575e0 (64 bytes)
1762690314.940546 sending message 105 to peer 0x6547b24575e0 (12 bytes)
1762690314.940547 sending message 105 to peer 0x6547b24575e0 (8 bytes)
1762690314.940548 sending message 105 to peer 0x6547b24575e0 (12 bytes)
1762690314.940549 sending message 105 to peer 0x6547b24575e0 (27 bytes)
1762690314.940550 sending message 105 to peer 0x6547b24575e0 (272 bytes)
1762690314.940551 sending message 105 to peer 0x6547b24575e0 (19 bytes)
1762690314.940552 sending message 105 to peer 0x6547b24575e0 (12 bytes)
1762690314.940552 sending message 105 to peer 0x6547b24575e0 (71 bytes)
1762690314.940553 sending message 105 to peer 0x6547b24575e0 (19 bytes)
1762690314.940554 sending message 105 to peer 0x6547b24575e0 (1196 bytes)
1762690314.940556 sending message 105 to peer 0x6547b24575e0 (19 bytes)
1762690314.940557 sending message 105 to peer 0x6547b24575e0 (19 bytes)
1762690314.940557 sending message 105 to peer 0x6547b24575e0 (29 bytes)
1762690314.940558 sending message 106 to peer 0x6547b24575e0 (0 bytes)
1762690314.940562 cmd_pack_argv: argv[0]=new
1762690314.940563 sending message 200 to peer 0x6547b24575e0 (8 bytes)
1762690314.940563 client loop enter
1762690314.940600 client loop exit
